[20180314 160251 630][INFO ][main][NamedProperties] - U 更新 refresh(com.bs3.ioc.core.BeansContext) = [23] file:/D:/workspace/lianDongYouShi/Dps-modle-web-containerV2/resource/mina2niocs.properties
[20180314 160252 517][INFO ][main][BeansContext] - # Beans Defined  3 [NioExecutor, NioServer, NioServerHandler]
[20180314 160252 517][INFO ][main][BeansContext] - # Beans Started  3 [NioExecutor, NioServer, NioServerHandler]
[20180314 160252 517][INFO ][main][NioServerHandler] - 模型web容器启动成功
[20180314 160306 297][INFO ][pool-2-thread-1][Mina2H4Abstract] - O (0x00000002: nio socket, server, /127.0.0.1:62679 => /127.0.0.1:9013)...Sessions=1
[20180314 160311 221][INFO ][pool-2-thread-1][NioServerHandler] - 收到的url：/
[20180314 160315 471][INFO ][pool-2-thread-1][NioServerHandler] - 模接收到的报文为：<?xml version="1.0" encoding="UTF-8"?>
<request>
  <funcode>Gcs2000006</funcode>
  <transid>UMPTEST53714420180309105156</transid>
  <datetime>20180309105156</datetime>
  <retcode>0000</retcode>
  <mobileid>4b8609c2c59640edcaf5fa0f204defe1</mobileid>
  <querymonth>201607</querymonth>
  <Label>
	<id>Pro00003</id><value m="1">660</value><value m="2">1440</value><value m="3">10</value><value m="4">1930</value><value m="5">9540</value><value m="6">6280</value><value m="7">1310</value><value m="8">830</value><value m="9">5092</value><value m="10">0</value><value m="11">1000</value><value m="12">350</value>
</Label>
<Label>
	<id>Pro00002</id><value m="1">165040</value><value m="2">57275</value><value m="3">41640</value><value m="4">138864</value><value m="5">108130</value><value m="6">301899</value><value m="7">88224</value><value m="8">100467</value><value m="9">88698</value><value m="10">1000</value><value m="11">31290</value><value m="12">53890</value>
</Label>
<Label>
	<id>Pro00110</id><value m="1">12350</value><value m="2">1600</value><value m="3">3850</value><value m="4">8680</value><value m="5">8960</value><value m="6">6030</value><value m="7">4950</value><value m="8">19880</value><value m="9">2050</value><value m="10">4800</value><value m="11">2040</value><value m="12">2810</value>
</Label>
<Label>
	<id>Pro00104</id><value m="1">12350</value><value m="2">1600</value><value m="3">3850</value><value m="4">8680</value><value m="5">8960</value><value m="6">6030</value><value m="7">4950</value><value m="8">19880</value><value m="9">2050</value><value m="10">4800</value><value m="11">2040</value><value m="12">2810</value>
</Label>
<Label>
	<id>Pro00070</id><value m="1">4</value><value m="2">2</value><value m="3">4</value><value m="4">2</value><value m="5">2</value><value m="6">2</value><value m="7">2</value><value m="8">4</value><value m="9">2</value><value m="10">unknown</value><value m="11">4</value><value m="12">6</value>
</Label>
<Label>
	<id>Pro00069</id><value m="1">19590</value><value m="2">1950</value><value m="3">1800</value><value m="4">15480</value><value m="5">1900</value><value m="6">1900</value><value m="7">1800</value><value m="8">1970</value><value m="9">1700</value><value m="10">unknown</value><value m="11">1950</value><value m="12">1810</value>
</Label>
<Label>
	<id>Pro00051</id><value m="1">44540</value><value m="2">5008</value><value m="3">280</value><value m="4">17446</value><value m="5">1900</value><value m="6">209</value><value m="7">3810</value><value m="8">50</value><value m="9">2000</value><value m="10">unknown</value><value m="11">300</value><value m="12">15200</value>
</Label>
<Label>
	<id>Pro00050</id><value m="1">16</value><value m="2">3</value><value m="3">1</value><value m="4">9</value><value m="5">4</value><value m="6">2</value><value m="7">8</value><value m="8">1</value><value m="9">1</value><value m="10">unknown</value><value m="11">1</value><value m="12">6</value>
</Label>
<Label>
	<id>Pro00711</id><value>201304</value>
</Label>
<Label>
	<id>Pro00717</id><value>201712</value>
</Label>
<Label>
	<id>Pro00406</id><value>2</value>
</Label>
<Label>
	<id>Pro00174</id><value m="1">10</value><value m="2">5</value><value m="3">unknown</value><value m="4">1</value><value m="5">unknown</value><value m="6">unknown</value><value m="7">unknown</value><value m="8">1</value><value m="9">7</value><value m="10">unknown</value><value m="11">2</value><value m="12">8</value>
</Label>
<Label>
	<id>Pro00616</id><value m="1">unknown</value>
</Label>
<Label>
	<id>Pro00617</id><value m="1">9</value>
</Label>

</request>
[20180314 160343 055][INFO ][pool-2-thread-1][NioServerHandler] - [UMPTEST53714420180309105156,20180309105156,Gcs2000006,4b8609c2c59640edcaf5fa0f204defe1]响应耗时:33998,返回的报文:<?xml version="1.0" encoding="UTF-8" standalone="yes"?>
<response>
    <funcode>Gcs2000006</funcode>
    <transid>UMPTEST53714420180309105156</transid>
    <datetime>20180314160343</datetime>
    <retcode>0000</retcode>
    <score>560</score>
</response>

[20180314 160343 055][INFO ][pool-2-thread-1][NioServerHandler] - 返回的报文如下:
<?xml version="1.0" encoding="UTF-8" standalone="yes"?>
<response>
    <funcode>Gcs2000006</funcode>
    <transid>UMPTEST53714420180309105156</transid>
    <datetime>20180314160343</datetime>
    <retcode>0000</retcode>
    <score>560</score>
</response>

[20180314 160343 085][INFO ][pool-2-thread-1][Mina2H4Abstract] - * (0x00000002: NioSocketAcceptor, null => 0.0.0.0/0.0.0.0:9013)...Sessions=0
[20180314 160343 086][INFO ][pool-2-thread-1][Mina2H4Abstract] - * [0x00000002] 读1/3825B,写1/386B,历时36809ms,读写速度:0.1(R+W/s)/0.11(KB/s)...Mina2HandlerAbstract.onClosed()
[20180314 182321 401][INFO ][main][NamedProperties] - U 更新 refresh(com.bs3.ioc.core.BeansContext) = [23] file:/D:/workspace/lianDongYouShi/Dps-modle-web-containerV2/resource/mina2niocs.properties
[20180314 182322 177][INFO ][main][BeansContext] - # Beans Defined  3 [NioExecutor, NioServer, NioServerHandler]
[20180314 182322 177][INFO ][main][BeansContext] - # Beans Started  3 [NioExecutor, NioServer, NioServerHandler]
[20180314 182322 177][INFO ][main][NioServerHandler] - 模型web容器启动成功
[20180314 182341 519][INFO ][pool-2-thread-1][Mina2H4Abstract] - O (0x00000002: nio socket, server, /127.0.0.1:59952 => /127.0.0.1:9013)...Sessions=1
[20180314 182344 652][INFO ][pool-2-thread-1][NioServerHandler] - 收到的url：/query/data
[20180314 182344 652][INFO ][pool-2-thread-1][NioServerHandler] - 模接收到的报文为：<?xml version="1.0" encoding="UTF-8"?>
<request>
  <funcode>Gcs2000006</funcode>
  <transid>UMPTEST53714420180309105156</transid>
  <datetime>20180309105156</datetime>
  <retcode>0000</retcode>
  <mobileid>4b8609c2c59640edcaf5fa0f204defe1</mobileid>
  <querymonth>201607</querymonth>
  <Label>
	<id>Pro00003</id><value m="1">660</value><value m="2">1440</value><value m="3">10</value><value m="4">1930</value><value m="5">9540</value><value m="6">6280</value><value m="7">1310</value><value m="8">830</value><value m="9">5092</value><value m="10">0</value><value m="11">1000</value><value m="12">350</value>
</Label>
<Label>
	<id>Pro00002</id><value m="1">165040</value><value m="2">57275</value><value m="3">41640</value><value m="4">138864</value><value m="5">108130</value><value m="6">301899</value><value m="7">88224</value><value m="8">100467</value><value m="9">88698</value><value m="10">1000</value><value m="11">31290</value><value m="12">53890</value>
</Label>
<Label>
	<id>Pro00110</id><value m="1">12350</value><value m="2">1600</value><value m="3">3850</value><value m="4">8680</value><value m="5">8960</value><value m="6">6030</value><value m="7">4950</value><value m="8">19880</value><value m="9">2050</value><value m="10">4800</value><value m="11">2040</value><value m="12">2810</value>
</Label>
<Label>
	<id>Pro00104</id><value m="1">12350</value><value m="2">1600</value><value m="3">3850</value><value m="4">8680</value><value m="5">8960</value><value m="6">6030</value><value m="7">4950</value><value m="8">19880</value><value m="9">2050</value><value m="10">4800</value><value m="11">2040</value><value m="12">2810</value>
</Label>
<Label>
	<id>Pro00070</id><value m="1">4</value><value m="2">2</value><value m="3">4</value><value m="4">2</value><value m="5">2</value><value m="6">2</value><value m="7">2</value><value m="8">4</value><value m="9">2</value><value m="10">unknown</value><value m="11">4</value><value m="12">6</value>
</Label>
<Label>
	<id>Pro00069</id><value m="1">19590</value><value m="2">1950</value><value m="3">1800</value><value m="4">15480</value><value m="5">1900</value><value m="6">1900</value><value m="7">1800</value><value m="8">1970</value><value m="9">1700</value><value m="10">unknown</value><value m="11">1950</value><value m="12">1810</value>
</Label>
<Label>
	<id>Pro00051</id><value m="1">44540</value><value m="2">5008</value><value m="3">280</value><value m="4">17446</value><value m="5">1900</value><value m="6">209</value><value m="7">3810</value><value m="8">50</value><value m="9">2000</value><value m="10">unknown</value><value m="11">300</value><value m="12">15200</value>
</Label>
<Label>
	<id>Pro00050</id><value m="1">16</value><value m="2">3</value><value m="3">1</value><value m="4">9</value><value m="5">4</value><value m="6">2</value><value m="7">8</value><value m="8">1</value><value m="9">1</value><value m="10">unknown</value><value m="11">1</value><value m="12">6</value>
</Label>
<Label>
	<id>Pro00711</id><value>201304</value>
</Label>
<Label>
	<id>Pro00717</id><value>201712</value>
</Label>
<Label>
	<id>Pro00406</id><value>2</value>
</Label>
<Label>
	<id>Pro00174</id><value m="1">10</value><value m="2">5</value><value m="3">unknown</value><value m="4">1</value><value m="5">unknown</value><value m="6">unknown</value><value m="7">unknown</value><value m="8">1</value><value m="9">7</value><value m="10">unknown</value><value m="11">2</value><value m="12">8</value>
</Label>
<Label>
	<id>Pro00616</id><value m="1">unknown</value>
</Label>
<Label>
	<id>Pro00617</id><value m="1">9</value>
</Label>

</request>
[20180314 182345 028][INFO ][pool-2-thread-1][NioServerHandler] - [UMPTEST53714420180309105156,20180309105156,Gcs2000006,4b8609c2c59640edcaf5fa0f204defe1]响应耗时:376,返回的报文:<?xml version="1.0" encoding="UTF-8" standalone="yes"?>
<response>
    <funcode>Gcs2000006</funcode>
    <transid>UMPTEST53714420180309105156</transid>
    <datetime>20180314182345</datetime>
    <retcode>0000</retcode>
    <score>560</score>
</response>

[20180314 182345 028][INFO ][pool-2-thread-1][NioServerHandler] - 返回的报文如下:
<?xml version="1.0" encoding="UTF-8" standalone="yes"?>
<response>
    <funcode>Gcs2000006</funcode>
    <transid>UMPTEST53714420180309105156</transid>
    <datetime>20180314182345</datetime>
    <retcode>0000</retcode>
    <score>560</score>
</response>

[20180314 182345 076][INFO ][pool-2-thread-1][Mina2H4Abstract] - * (0x00000002: NioSocketAcceptor, null => 0.0.0.0/0.0.0.0:9013)...Sessions=0
[20180314 182345 079][INFO ][pool-2-thread-1][Mina2H4Abstract] - * [0x00000002] 读1/3835B,写1/386B,历时3626ms,读写速度:0.6(R+W/s)/1.16(KB/s)...Mina2HandlerAbstract.onClosed()
[20180314 182359 955][INFO ][pool-2-thread-2][Mina2H4Abstract] - O (0x00000003: nio socket, server, /127.0.0.1:59968 => /127.0.0.1:9013)...Sessions=1
[20180314 182359 956][INFO ][pool-2-thread-2][NioServerHandler] - 收到的url：/query/data
[20180314 182359 956][INFO ][pool-2-thread-2][NioServerHandler] - 模接收到的报文为：<?xml version="1.0" encoding="UTF-8"?>
<request>
  <funcode>Gcs2000006</funcode>
  <transid>UMPTEST53714420180309105156</transid>
  <datetime>20180309105156</datetime>
  <retcode>0000</retcode>
  <mobileid>4b8609c2c59640edcaf5fa0f204defe1</mobileid>
  <querymonth>201607</querymonth>
  <Label>
	<id>Pro00003</id><value m="1">660</value><value m="2">1440</value><value m="3">10</value><value m="4">1930</value><value m="5">9540</value><value m="6">6280</value><value m="7">1310</value><value m="8">830</value><value m="9">5092</value><value m="10">0</value><value m="11">1000</value><value m="12">350</value>
</Label>
<Label>
	<id>Pro00002</id><value m="1">165040</value><value m="2">57275</value><value m="3">41640</value><value m="4">138864</value><value m="5">108130</value><value m="6">301899</value><value m="7">88224</value><value m="8">100467</value><value m="9">88698</value><value m="10">1000</value><value m="11">31290</value><value m="12">53890</value>
</Label>
<Label>
	<id>Pro00110</id><value m="1">12350</value><value m="2">1600</value><value m="3">3850</value><value m="4">8680</value><value m="5">8960</value><value m="6">6030</value><value m="7">4950</value><value m="8">19880</value><value m="9">2050</value><value m="10">4800</value><value m="11">2040</value><value m="12">2810</value>
</Label>
<Label>
	<id>Pro00104</id><value m="1">12350</value><value m="2">1600</value><value m="3">3850</value><value m="4">8680</value><value m="5">8960</value><value m="6">6030</value><value m="7">4950</value><value m="8">19880</value><value m="9">2050</value><value m="10">4800</value><value m="11">2040</value><value m="12">2810</value>
</Label>
<Label>
	<id>Pro00070</id><value m="1">4</value><value m="2">2</value><value m="3">4</value><value m="4">2</value><value m="5">2</value><value m="6">2</value><value m="7">2</value><value m="8">4</value><value m="9">2</value><value m="10">unknown</value><value m="11">4</value><value m="12">6</value>
</Label>
<Label>
	<id>Pro00069</id><value m="1">19590</value><value m="2">1950</value><value m="3">1800</value><value m="4">15480</value><value m="5">1900</value><value m="6">1900</value><value m="7">1800</value><value m="8">1970</value><value m="9">1700</value><value m="10">unknown</value><value m="11">1950</value><value m="12">1810</value>
</Label>
<Label>
	<id>Pro00051</id><value m="1">44540</value><value m="2">5008</value><value m="3">280</value><value m="4">17446</value><value m="5">1900</value><value m="6">209</value><value m="7">3810</value><value m="8">50</value><value m="9">2000</value><value m="10">unknown</value><value m="11">300</value><value m="12">15200</value>
</Label>
<Label>
	<id>Pro00050</id><value m="1">16</value><value m="2">3</value><value m="3">1</value><value m="4">9</value><value m="5">4</value><value m="6">2</value><value m="7">8</value><value m="8">1</value><value m="9">1</value><value m="10">unknown</value><value m="11">1</value><value m="12">6</value>
</Label>
<Label>
	<id>Pro00711</id><value>201304</value>
</Label>
<Label>
	<id>Pro00717</id><value>201712</value>
</Label>
<Label>
	<id>Pro00406</id><value>2</value>
</Label>
<Label>
	<id>Pro00174</id><value m="1">10</value><value m="2">5</value><value m="3">unknown</value><value m="4">1</value><value m="5">unknown</value><value m="6">unknown</value><value m="7">unknown</value><value m="8">1</value><value m="9">7</value><value m="10">unknown</value><value m="11">2</value><value m="12">8</value>
</Label>
<Label>
	<id>Pro00616</id><value m="1">unknown</value>
</Label>
<Label>
	<id>Pro00617</id><value m="1">9</value>
</Label>

</request>
[20180314 182359 982][INFO ][pool-2-thread-2][NioServerHandler] - [UMPTEST53714420180309105156,20180309105156,Gcs2000006,4b8609c2c59640edcaf5fa0f204defe1]响应耗时:26,返回的报文:<?xml version="1.0" encoding="UTF-8" standalone="yes"?>
<response>
    <funcode>Gcs2000006</funcode>
    <transid>UMPTEST53714420180309105156</transid>
    <datetime>20180314182359</datetime>
    <retcode>0000</retcode>
    <score>560</score>
</response>

[20180314 182359 982][INFO ][pool-2-thread-2][NioServerHandler] - 返回的报文如下:
<?xml version="1.0" encoding="UTF-8" standalone="yes"?>
<response>
    <funcode>Gcs2000006</funcode>
    <transid>UMPTEST53714420180309105156</transid>
    <datetime>20180314182359</datetime>
    <retcode>0000</retcode>
    <score>560</score>
</response>

[20180314 182359 994][INFO ][pool-2-thread-2][Mina2H4Abstract] - * (0x00000003: NioSocketAcceptor, null => 0.0.0.0/0.0.0.0:9013)...Sessions=0
[20180314 182359 994][INFO ][pool-2-thread-2][Mina2H4Abstract] - * [0x00000003] 读1/3835B,写1/386B,历时29ms,读写速度:69.0(R+W/s)/145.55(KB/s)...Mina2HandlerAbstract.onClosed()
[20180314 182414 610][INFO ][pool-2-thread-1][Mina2H4Abstract] - O (0x00000004: nio socket, server, /127.0.0.1:59980 => /127.0.0.1:9013)...Sessions=1
[20180314 182414 611][INFO ][pool-2-thread-1][NioServerHandler] - 收到的url：/query/data
[20180314 182414 611][INFO ][pool-2-thread-1][NioServerHandler] - 模接收到的报文为：<?xml version="1.0" encoding="UTF-8"?>
<request>
  <funcode>Gcs2000006</funcode>
  <transid>UMPTEST53714420180309105156</transid>
  <datetime>20180309105156</datetime>
  <retcode>0000</retcode>
  <mobileid>4b8609c2c59640edcaf5fa0f204defe1</mobileid>
  <querymonth>201607</querymonth>
  <Label>
	<id>Pro00003</id><value m="1">660</value><value m="2">1440</value><value m="3">10</value><value m="4">1930</value><value m="5">9540</value><value m="6">6280</value><value m="7">1310</value><value m="8">830</value><value m="9">5092</value><value m="10">0</value><value m="11">1000</value><value m="12">350</value>
</Label>
<Label>
	<id>Pro00002</id><value m="1">165040</value><value m="2">57275</value><value m="3">41640</value><value m="4">138864</value><value m="5">108130</value><value m="6">301899</value><value m="7">88224</value><value m="8">100467</value><value m="9">88698</value><value m="10">1000</value><value m="11">31290</value><value m="12">53990</value>
</Label>
<Label>
	<id>Pro00110</id><value m="1">12350</value><value m="2">1600</value><value m="3">3850</value><value m="4">8680</value><value m="5">8960</value><value m="6">6030</value><value m="7">4950</value><value m="8">19880</value><value m="9">2050</value><value m="10">4800</value><value m="11">2040</value><value m="12">2810</value>
</Label>
<Label>
	<id>Pro00104</id><value m="1">12350</value><value m="2">1600</value><value m="3">3850</value><value m="4">8680</value><value m="5">8960</value><value m="6">6030</value><value m="7">4950</value><value m="8">19880</value><value m="9">2050</value><value m="10">4800</value><value m="11">2040</value><value m="12">2810</value>
</Label>
<Label>
	<id>Pro00070</id><value m="1">4</value><value m="2">2</value><value m="3">4</value><value m="4">2</value><value m="5">2</value><value m="6">2</value><value m="7">2</value><value m="8">4</value><value m="9">2</value><value m="10">unknown</value><value m="11">4</value><value m="12">6</value>
</Label>
<Label>
	<id>Pro00069</id><value m="1">19590</value><value m="2">1950</value><value m="3">1800</value><value m="4">15480</value><value m="5">1900</value><value m="6">1900</value><value m="7">1800</value><value m="8">1970</value><value m="9">1700</value><value m="10">unknown</value><value m="11">1950</value><value m="12">1810</value>
</Label>
<Label>
	<id>Pro00051</id><value m="1">44540</value><value m="2">5008</value><value m="3">280</value><value m="4">17446</value><value m="5">1900</value><value m="6">209</value><value m="7">3810</value><value m="8">50</value><value m="9">2000</value><value m="10">unknown</value><value m="11">300</value><value m="12">15200</value>
</Label>
<Label>
	<id>Pro00050</id><value m="1">16</value><value m="2">3</value><value m="3">1</value><value m="4">9</value><value m="5">4</value><value m="6">2</value><value m="7">8</value><value m="8">1</value><value m="9">1</value><value m="10">unknown</value><value m="11">1</value><value m="12">6</value>
</Label>
<Label>
	<id>Pro00711</id><value>201304</value>
</Label>
<Label>
	<id>Pro00717</id><value>201712</value>
</Label>
<Label>
	<id>Pro00406</id><value>2</value>
</Label>
<Label>
	<id>Pro00174</id><value m="1">10</value><value m="2">5</value><value m="3">unknown</value><value m="4">1</value><value m="5">unknown</value><value m="6">unknown</value><value m="7">unknown</value><value m="8">1</value><value m="9">7</value><value m="10">unknown</value><value m="11">2</value><value m="12">8</value>
</Label>
<Label>
	<id>Pro00616</id><value m="1">unknown</value>
</Label>
<Label>
	<id>Pro00617</id><value m="1">9</value>
</Label>

</request>
[20180314 182414 627][INFO ][pool-2-thread-1][NioServerHandler] - [UMPTEST53714420180309105156,20180309105156,Gcs2000006,4b8609c2c59640edcaf5fa0f204defe1]响应耗时:16,返回的报文:<?xml version="1.0" encoding="UTF-8" standalone="yes"?>
<response>
    <funcode>Gcs2000006</funcode>
    <transid>UMPTEST53714420180309105156</transid>
    <datetime>20180314182414</datetime>
    <retcode>0000</retcode>
    <score>560</score>
</response>

[20180314 182414 628][INFO ][pool-2-thread-1][NioServerHandler] - 返回的报文如下:
<?xml version="1.0" encoding="UTF-8" standalone="yes"?>
<response>
    <funcode>Gcs2000006</funcode>
    <transid>UMPTEST53714420180309105156</transid>
    <datetime>20180314182414</datetime>
    <retcode>0000</retcode>
    <score>560</score>
</response>

[20180314 182414 651][INFO ][pool-2-thread-1][Mina2H4Abstract] - * (0x00000004: NioSocketAcceptor, null => 0.0.0.0/0.0.0.0:9013)...Sessions=0
[20180314 182414 652][INFO ][pool-2-thread-1][Mina2H4Abstract] - * [0x00000004] 读1/3835B,写1/386B,历时19ms,读写速度:105.3(R+W/s)/222.16(KB/s)...Mina2HandlerAbstract.onClosed()
[20180314 182734 659][INFO ][main][NamedProperties] - U 更新 refresh(com.bs3.ioc.core.BeansContext) = [23] file:/D:/workspace/lianDongYouShi/Dps-modle-web-containerV2/resource/mina2niocs.properties
[20180314 182740 849][INFO ][main][BeansContext] - # Beans Defined  3 [NioExecutor, NioServer, NioServerHandler]
[20180314 182740 849][INFO ][main][BeansContext] - # Beans Started  3 [NioExecutor, NioServer, NioServerHandler]
[20180314 182740 849][INFO ][main][NioServerHandler] - 模型web容器启动成功
[20180314 182902 128][INFO ][pool-2-thread-1][Mina2H4Abstract] - O (0x00000002: nio socket, server, /127.0.0.1:60598 => /127.0.0.1:9013)...Sessions=1
[20180314 182902 198][INFO ][pool-2-thread-1][NioServerHandler] - 收到的url：/query
[20180314 182902 198][INFO ][pool-2-thread-1][NioServerHandler] - 模接收到的报文为：<?xml version="1.0" encoding="UTF-8"?>
<request>
  <funcode>Gcs2000006</funcode>
  <transid>UMPTEST53714420180309105156</transid>
  <datetime>20180309105156</datetime>
  <retcode>0000</retcode>
  <mobileid>4b8609c2c59640edcaf5fa0f204defe1</mobileid>
  <querymonth>201607</querymonth>
  <Label>
	<id>Pro00003</id><value m="1">660</value><value m="2">1440</value><value m="3">10</value><value m="4">1930</value><value m="5">9540</value><value m="6">6280</value><value m="7">1310</value><value m="8">830</value><value m="9">5092</value><value m="10">0</value><value m="11">1000</value><value m="12">350</value>
</Label>
<Label>
	<id>Pro00002</id><value m="1">165040</value><value m="2">57275</value><value m="3">41640</value><value m="4">138864</value><value m="5">108130</value><value m="6">301899</value><value m="7">88224</value><value m="8">100467</value><value m="9">88698</value><value m="10">1000</value><value m="11">31290</value><value m="12">53990</value>
</Label>
<Label>
	<id>Pro00110</id><value m="1">12350</value><value m="2">1600</value><value m="3">3850</value><value m="4">8680</value><value m="5">8960</value><value m="6">6030</value><value m="7">4950</value><value m="8">19880</value><value m="9">2050</value><value m="10">4800</value><value m="11">2040</value><value m="12">2810</value>
</Label>
<Label>
	<id>Pro00104</id><value m="1">12350</value><value m="2">1600</value><value m="3">3850</value><value m="4">8680</value><value m="5">8960</value><value m="6">6030</value><value m="7">4950</value><value m="8">19880</value><value m="9">2050</value><value m="10">4800</value><value m="11">2040</value><value m="12">2810</value>
</Label>
<Label>
	<id>Pro00070</id><value m="1">4</value><value m="2">2</value><value m="3">4</value><value m="4">2</value><value m="5">2</value><value m="6">2</value><value m="7">2</value><value m="8">4</value><value m="9">2</value><value m="10">unknown</value><value m="11">4</value><value m="12">6</value>
</Label>
<Label>
	<id>Pro00069</id><value m="1">19590</value><value m="2">1950</value><value m="3">1800</value><value m="4">15480</value><value m="5">1900</value><value m="6">1900</value><value m="7">1800</value><value m="8">1970</value><value m="9">1700</value><value m="10">unknown</value><value m="11">1950</value><value m="12">1810</value>
</Label>
<Label>
	<id>Pro00051</id><value m="1">44540</value><value m="2">5008</value><value m="3">280</value><value m="4">17446</value><value m="5">1900</value><value m="6">209</value><value m="7">3810</value><value m="8">50</value><value m="9">2000</value><value m="10">unknown</value><value m="11">300</value><value m="12">15200</value>
</Label>
<Label>
	<id>Pro00050</id><value m="1">16</value><value m="2">3</value><value m="3">1</value><value m="4">9</value><value m="5">4</value><value m="6">2</value><value m="7">8</value><value m="8">1</value><value m="9">1</value><value m="10">unknown</value><value m="11">1</value><value m="12">6</value>
</Label>
<Label>
	<id>Pro00711</id><value>201304</value>
</Label>
<Label>
	<id>Pro00717</id><value>201712</value>
</Label>
<Label>
	<id>Pro00406</id><value>2</value>
</Label>
<Label>
	<id>Pro00174</id><value m="1">10</value><value m="2">5</value><value m="3">unknown</value><value m="4">1</value><value m="5">unknown</value><value m="6">unknown</value><value m="7">unknown</value><value m="8">1</value><value m="9">7</value><value m="10">unknown</value><value m="11">2</value><value m="12">8</value>
</Label>
<Label>
	<id>Pro00616</id><value m="1">unknown</value>
</Label>
<Label>
	<id>Pro00617</id><value m="1">9</value>
</Label>

</request>
[20180314 182902 318][INFO ][pool-2-thread-1][NioServerHandler] - [UMPTEST53714420180309105156,20180309105156,Gcs2000006,4b8609c2c59640edcaf5fa0f204defe1]响应耗时:120,返回的报文:<?xml version="1.0" encoding="UTF-8" standalone="yes"?>
<response>
    <funcode>Gcs2000006</funcode>
    <transid>UMPTEST53714420180309105156</transid>
    <datetime>20180314182902</datetime>
    <retcode>0000</retcode>
    <score>560</score>
</response>

[20180314 182902 318][INFO ][pool-2-thread-1][NioServerHandler] - 返回的报文如下:
<?xml version="1.0" encoding="UTF-8" standalone="yes"?>
<response>
    <funcode>Gcs2000006</funcode>
    <transid>UMPTEST53714420180309105156</transid>
    <datetime>20180314182902</datetime>
    <retcode>0000</retcode>
    <score>560</score>
</response>

[20180314 182902 371][INFO ][pool-2-thread-1][Mina2H4Abstract] - * (0x00000002: NioSocketAcceptor, null => 0.0.0.0/0.0.0.0:9013)...Sessions=0
[20180314 182902 372][INFO ][pool-2-thread-1][Mina2H4Abstract] - * [0x00000002] 读1/3822B,写1/386B,历时206ms,读写速度:9.7(R+W/s)/20.43(KB/s)...Mina2HandlerAbstract.onClosed()
